2025-03-23 08:00:12,345 [ERROR] Failed to load content: Content ID 12345 not found
2025-03-23 08:15:23,456 [ERROR] Failed to load content: Content ID 12345 not found
2025-03-23 09:30:34,567 [ERROR] Failed to connect to database: Connection timeout after 30 seconds
2025-03-23 09:45:45,678 [ERROR] Failed to connect to database: Connection timeout after 30 seconds
2025-03-23 10:00:56,789 [ERROR] Failed to connect to database: Connection timeout after 30 seconds
2025-03-23 11:15:12,345 [ERROR] Media file upload failed: File size exceeds 10MB limit
2025-03-23 11:30:23,456 [ERROR] Media file upload failed: File size exceeds 10MB limit
2025-03-23 13:45:34,567 [ERROR] Failed to publish content: Validation error - Required field 'Title' is empty
2025-03-23 14:00:45,678 [ERROR] Failed to publish content: Validation error - Required field 'Title' is empty
2025-03-23 15:15:56,789 [ERROR] Failed to publish content: Validation error - Required field 'Title' is empty
2025-03-23 16:30:12,345 [ERROR] Cache invalidation failed: Unable to clear cache for content ID 67890
2025-03-23 17:45:23,456 [ERROR] Cache invalidation failed: Unable to clear cache for content ID 67890
2025-03-23 19:00:34,567 [ERROR] Failed to generate preview: Template rendering error
2025-03-23 19:15:45,678 [ERROR] Failed to generate preview: Template rendering error
2025-03-23 20:30:56,789 [ERROR] Failed to connect to search service: Elasticsearch connection timeout
2025-03-23 21:45:12,345 [ERROR] Failed to connect to search service: Elasticsearch connection timeout
2025-03-23 22:00:23,456 [ERROR] Failed to connect to search service: Elasticsearch connection timeout

2025-03-24 08:15:34,567 [ERROR] Failed to load content: Content ID 12345 not found
2025-03-24 09:30:45,678 [ERROR] Failed to connect to database: Connection timeout after 30 seconds
2025-03-24 10:45:56,789 [ERROR] Media file upload failed: File size exceeds 10MB limit
2025-03-24 12:00:12,345 [ERROR] Failed to publish content: Validation error - Required field 'Title' is empty
2025-03-24 13:15:23,456 [ERROR] Cache invalidation failed: Unable to clear cache for content ID 67890
2025-03-24 14:30:34,567 [ERROR] Failed to generate preview: Template rendering error
2025-03-24 15:45:45,678 [ERROR] Failed to connect to search service: Elasticsearch connection timeout
2025-03-24 17:00:56,789 [ERROR] Failed to load content: Content ID 12345 not found
2025-03-24 18:15:12,345 [ERROR] Failed to connect to database: Connection timeout after 30 seconds
2025-03-24 19:30:23,456 [ERROR] Media file upload failed: File size exceeds 10MB limit
2025-03-24 20:45:34,567 [ERROR] Failed to publish content: Validation error - Required field 'Title' is empty
2025-03-24 22:00:45,678 [ERROR] Cache invalidation failed: Unable to clear cache for content ID 67890

2025-03-25 08:30:56,789 [ERROR] Failed to generate preview: Template rendering error
2025-03-25 09:45:12,345 [ERROR] Failed to connect to search service: Elasticsearch connection timeout
2025-03-25 11:00:23,456 [ERROR] Failed to load content: Content ID 12345 not found
2025-03-25 12:15:34,567 [ERROR] Failed to connect to database: Connection timeout after 30 seconds
2025-03-25 13:30:45,678 [ERROR] Media file upload failed: File size exceeds 10MB limit
2025-03-25 14:45:56,789 [ERROR] Failed to publish content: Validation error - Required field 'Title' is empty
2025-03-25 16:00:12,345 [ERROR] Cache invalidation failed: Unable to clear cache for content ID 67890
2025-03-25 17:15:23,456 [ERROR] Failed to generate preview: Template rendering error
2025-03-25 18:30:34,567 [ERROR] Failed to connect to search service: Elasticsearch connection timeout
2025-03-25 19:45:45,678 [ERROR] Failed to load content: Content ID 12345 not found
2025-03-25 21:00:56,789 [ERROR] Failed to connect to database: Connection timeout after 30 seconds
2025-03-25 22:15:12,345 [ERROR] Media file upload failed: File size exceeds 10MB limit

2025-03-26 08:45:23,456 [ERROR] Failed to publish content: Validation error - Required field 'Title' is empty
2025-03-26 10:00:34,567 [ERROR] Cache invalidation failed: Unable to clear cache for content ID 67890
2025-03-26 11:15:45,678 [ERROR] Failed to generate preview: Template rendering error
2025-03-26 12:30:56,789 [ERROR] Failed to connect to search service: Elasticsearch connection timeout
2025-03-26 13:45:12,345 [ERROR] Failed to load content: Content ID 12345 not found
2025-03-26 15:00:23,456 [ERROR] Failed to connect to database: Connection timeout after 30 seconds
2025-03-26 16:15:34,567 [ERROR] Media file upload failed: File size exceeds 10MB limit
2025-03-26 17:30:45,678 [ERROR] Failed to publish content: Validation error - Required field 'Title' is empty
2025-03-26 18:45:56,789 [ERROR] Cache invalidation failed: Unable to clear cache for content ID 67890
2025-03-26 20:00:12,345 [ERROR] Failed to generate preview: Template rendering error
2025-03-26 21:15:23,456 [ERROR] Failed to connect to search service: Elasticsearch connection timeout
2025-03-26 22:30:34,567 [ERROR] Failed to load content: Content ID 12345 not found

2025-03-27 09:00:45,678 [ERROR] Failed to connect to database: Connection timeout after 30 seconds
2025-03-27 10:15:56,789 [ERROR] Media file upload failed: File size exceeds 10MB limit
2025-03-27 11:30:12,345 [ERROR] Failed to publish content: Validation error - Required field 'Title' is empty
2025-03-27 12:45:23,456 [ERROR] Cache invalidation failed: Unable to clear cache for content ID 67890
2025-03-27 14:00:34,567 [ERROR] Failed to generate preview: Template rendering error
2025-03-27 15:15:45,678 [ERROR] Failed to connect to search service: Elasticsearch connection timeout
2025-03-27 16:30:56,789 [ERROR] Failed to load content: Content ID 12345 not found
2025-03-27 17:45:12,345 [ERROR] Failed to connect to database: Connection timeout after 30 seconds
2025-03-27 19:00:23,456 [ERROR] Media file upload failed: File size exceeds 10MB limit
2025-03-27 20:15:34,567 [ERROR] Failed to publish content: Validation error - Required field 'Title' is empty
2025-03-27 21:30:45,678 [ERROR] Cache invalidation failed: Unable to clear cache for content ID 67890
2025-03-27 22:45:56,789 [ERROR] Failed to generate preview: Template rendering error

2025-03-28 08:00:12,345 [ERROR] Failed to connect to search service: Elasticsearch connection timeout
2025-03-28 09:15:23,456 [ERROR] Failed to load content: Content ID 12345 not found
2025-03-28 10:30:34,567 [ERROR] Failed to connect to database: Connection timeout after 30 seconds
2025-03-28 11:45:45,678 [ERROR] Media file upload failed: File size exceeds 10MB limit
2025-03-28 13:00:56,789 [ERROR] Failed to publish content: Validation error - Required field 'Title' is empty
2025-03-28 14:15:12,345 [ERROR] Cache invalidation failed: Unable to clear cache for content ID 67890
2025-03-28 15:30:23,456 [ERROR] Failed to generate preview: Template rendering error
2025-03-28 16:45:34,567 [ERROR] Failed to connect to search service: Elasticsearch connection timeout
2025-03-28 18:00:45,678 [ERROR] Failed to load content: Content ID 12345 not found
2025-03-28 19:15:56,789 [ERROR] Failed to connect to database: Connection timeout after 30 seconds
2025-03-28 20:30:12,345 [ERROR] Media file upload failed: File size exceeds 10MB limit
2025-03-28 21:45:23,456 [ERROR] Failed to publish content: Validation error - Required field 'Title' is empty
2025-03-28 22:00:34,567 [ERROR] Cache invalidation failed: Unable to clear cache for content ID 67890

2025-03-29 08:15:45,678 [ERROR] Failed to generate preview: Template rendering error
2025-03-29 09:30:56,789 [ERROR] Failed to connect to search service: Elasticsearch connection timeout
2025-03-29 10:45:12,345 [ERROR] Failed to load content: Content ID 12345 not found
2025-03-29 12:00:23,456 [ERROR] Failed to connect to database: Connection timeout after 30 seconds
2025-03-29 13:15:34,567 [ERROR] Media file upload failed: File size exceeds 10MB limit
2025-03-29 14:30:45,678 [ERROR] Failed to publish content: Validation error - Required field 'Title' is empty
2025-03-29 15:45:56,789 [ERROR] Cache invalidation failed: Unable to clear cache for content ID 67890
2025-03-29 17:00:12,345 [ERROR] Failed to generate preview: Template rendering error
2025-03-29 18:15:23,456 [ERROR] Failed to connect to search service: Elasticsearch connection timeout
2025-03-29 19:30:34,567 [ERROR] Failed to load content: Content ID 12345 not found
2025-03-29 20:45:45,678 [ERROR] Failed to connect to database: Connection timeout after 30 seconds
2025-03-29 22:00:56,789 [ERROR] Media file upload failed: File size exceeds 10MB limit 