2024-03-20 08:00:12,345 [ERROR] Failed to load content: Content ID 12345 not found
2024-03-20 08:15:23,456 [ERROR] Failed to load content: Content ID 12345 not found
2024-03-20 09:30:34,567 [ERROR] Failed to connect to database: Connection timeout after 30 seconds
2024-03-20 09:45:45,678 [ERROR] Failed to connect to database: Connection timeout after 30 seconds
2024-03-20 10:00:56,789 [ERROR] Failed to connect to database: Connection timeout after 30 seconds
2024-03-20 11:15:12,345 [ERROR] Media file upload failed: File size exceeds 10MB limit
2024-03-20 11:30:23,456 [ERROR] Media file upload failed: File size exceeds 10MB limit
2024-03-20 13:45:34,567 [ERROR] Failed to publish content: Validation error - Required field 'Title' is empty
2024-03-20 14:00:45,678 [ERROR] Failed to publish content: Validation error - Required field 'Title' is empty
2024-03-20 15:15:56,789 [ERROR] Failed to publish content: Validation error - Required field 'Title' is empty
2024-03-20 16:30:12,345 [ERROR] Cache invalidation failed: Unable to clear cache for content ID 67890
2024-03-20 17:45:23,456 [ERROR] Cache invalidation failed: Unable to clear cache for content ID 67890
2024-03-20 19:00:34,567 [ERROR] Failed to generate preview: Template rendering error
2024-03-20 19:15:45,678 [ERROR] Failed to generate preview: Template rendering error
2024-03-20 20:30:56,789 [ERROR] Failed to connect to search service: Elasticsearch connection timeout
2024-03-20 21:45:12,345 [ERROR] Failed to connect to search service: Elasticsearch connection timeout
2024-03-20 22:00:23,456 [ERROR] Failed to connect to search service: Elasticsearch connection timeout

2024-03-21 08:15:34,567 [ERROR] Failed to load content: Content ID 12345 not found
2024-03-21 09:30:45,678 [ERROR] Failed to connect to database: Connection timeout after 30 seconds
2024-03-21 10:45:56,789 [ERROR] Media file upload failed: File size exceeds 10MB limit
2024-03-21 12:00:12,345 [ERROR] Failed to publish content: Validation error - Required field 'Title' is empty
2024-03-21 13:15:23,456 [ERROR] Cache invalidation failed: Unable to clear cache for content ID 67890
2024-03-21 14:30:34,567 [ERROR] Failed to generate preview: Template rendering error
2024-03-21 15:45:45,678 [ERROR] Failed to connect to search service: Elasticsearch connection timeout
2024-03-21 17:00:56,789 [ERROR] Failed to load content: Content ID 12345 not found
2024-03-21 18:15:12,345 [ERROR] Failed to connect to database: Connection timeout after 30 seconds
2024-03-21 19:30:23,456 [ERROR] Media file upload failed: File size exceeds 10MB limit
2024-03-21 20:45:34,567 [ERROR] Failed to publish content: Validation error - Required field 'Title' is empty
2024-03-21 22:00:45,678 [ERROR] Cache invalidation failed: Unable to clear cache for content ID 67890

2024-03-22 08:30:56,789 [ERROR] Failed to generate preview: Template rendering error
2024-03-22 09:45:12,345 [ERROR] Failed to connect to search service: Elasticsearch connection timeout
2024-03-22 11:00:23,456 [ERROR] Failed to load content: Content ID 12345 not found
2024-03-22 12:15:34,567 [ERROR] Failed to connect to database: Connection timeout after 30 seconds
2024-03-22 13:30:45,678 [ERROR] Media file upload failed: File size exceeds 10MB limit
2024-03-22 14:45:56,789 [ERROR] Failed to publish content: Validation error - Required field 'Title' is empty
2024-03-22 16:00:12,345 [ERROR] Cache invalidation failed: Unable to clear cache for content ID 67890
2024-03-22 17:15:23,456 [ERROR] Failed to generate preview: Template rendering error
2024-03-22 18:30:34,567 [ERROR] Failed to connect to search service: Elasticsearch connection timeout
2024-03-22 19:45:45,678 [ERROR] Failed to load content: Content ID 12345 not found
2024-03-22 21:00:56,789 [ERROR] Failed to connect to database: Connection timeout after 30 seconds
2024-03-22 22:15:12,345 [ERROR] Media file upload failed: File size exceeds 10MB limit

2024-03-23 08:45:23,456 [ERROR] Failed to publish content: Validation error - Required field 'Title' is empty
2024-03-23 10:00:34,567 [ERROR] Cache invalidation failed: Unable to clear cache for content ID 67890
2024-03-23 11:15:45,678 [ERROR] Failed to generate preview: Template rendering error
2024-03-23 12:30:56,789 [ERROR] Failed to connect to search service: Elasticsearch connection timeout
2024-03-23 13:45:12,345 [ERROR] Failed to load content: Content ID 12345 not found
2024-03-23 15:00:23,456 [ERROR] Failed to connect to database: Connection timeout after 30 seconds
2024-03-23 16:15:34,567 [ERROR] Media file upload failed: File size exceeds 10MB limit
2024-03-23 17:30:45,678 [ERROR] Failed to publish content: Validation error - Required field 'Title' is empty
2024-03-23 18:45:56,789 [ERROR] Cache invalidation failed: Unable to clear cache for content ID 67890
2024-03-23 20:00:12,345 [ERROR] Failed to generate preview: Template rendering error
2024-03-23 21:15:23,456 [ERROR] Failed to connect to search service: Elasticsearch connection timeout
2024-03-23 22:30:34,567 [ERROR] Failed to load content: Content ID 12345 not found

2024-03-24 09:00:45,678 [ERROR] Failed to connect to database: Connection timeout after 30 seconds
2024-03-24 10:15:56,789 [ERROR] Media file upload failed: File size exceeds 10MB limit
2024-03-24 11:30:12,345 [ERROR] Failed to publish content: Validation error - Required field 'Title' is empty
2024-03-24 12:45:23,456 [ERROR] Cache invalidation failed: Unable to clear cache for content ID 67890
2024-03-24 14:00:34,567 [ERROR] Failed to generate preview: Template rendering error
2024-03-24 15:15:45,678 [ERROR] Failed to connect to search service: Elasticsearch connection timeout
2024-03-24 16:30:56,789 [ERROR] Failed to load content: Content ID 12345 not found
2024-03-24 17:45:12,345 [ERROR] Failed to connect to database: Connection timeout after 30 seconds
2024-03-24 19:00:23,456 [ERROR] Media file upload failed: File size exceeds 10MB limit
2024-03-24 20:15:34,567 [ERROR] Failed to publish content: Validation error - Required field 'Title' is empty
2024-03-24 21:30:45,678 [ERROR] Cache invalidation failed: Unable to clear cache for content ID 67890
2024-03-24 22:45:56,789 [ERROR] Failed to generate preview: Template rendering error

2024-03-25 08:00:12,345 [ERROR] Failed to connect to search service: Elasticsearch connection timeout
2024-03-25 09:15:23,456 [ERROR] Failed to load content: Content ID 12345 not found
2024-03-25 10:30:34,567 [ERROR] Failed to connect to database: Connection timeout after 30 seconds
2024-03-25 11:45:45,678 [ERROR] Media file upload failed: File size exceeds 10MB limit
2024-03-25 13:00:56,789 [ERROR] Failed to publish content: Validation error - Required field 'Title' is empty
2024-03-25 14:15:12,345 [ERROR] Cache invalidation failed: Unable to clear cache for content ID 67890
2024-03-25 15:30:23,456 [ERROR] Failed to generate preview: Template rendering error
2024-03-25 16:45:34,567 [ERROR] Failed to connect to search service: Elasticsearch connection timeout
2024-03-25 18:00:45,678 [ERROR] Failed to load content: Content ID 12345 not found
2024-03-25 19:15:56,789 [ERROR] Failed to connect to database: Connection timeout after 30 seconds
2024-03-25 20:30:12,345 [ERROR] Media file upload failed: File size exceeds 10MB limit
2024-03-25 21:45:23,456 [ERROR] Failed to publish content: Validation error - Required field 'Title' is empty
2024-03-25 22:00:34,567 [ERROR] Cache invalidation failed: Unable to clear cache for content ID 67890

2024-03-26 08:15:45,678 [ERROR] Failed to generate preview: Template rendering error
2024-03-26 09:30:56,789 [ERROR] Failed to connect to search service: Elasticsearch connection timeout
2024-03-26 10:45:12,345 [ERROR] Failed to load content: Content ID 12345 not found
2024-03-26 12:00:23,456 [ERROR] Failed to connect to database: Connection timeout after 30 seconds
2024-03-26 13:15:34,567 [ERROR] Media file upload failed: File size exceeds 10MB limit
2024-03-26 14:30:45,678 [ERROR] Failed to publish content: Validation error - Required field 'Title' is empty
2024-03-26 15:45:56,789 [ERROR] Cache invalidation failed: Unable to clear cache for content ID 67890
2024-03-26 17:00:12,345 [ERROR] Failed to generate preview: Template rendering error
2024-03-26 18:15:23,456 [ERROR] Failed to connect to search service: Elasticsearch connection timeout
2024-03-26 19:30:34,567 [ERROR] Failed to load content: Content ID 12345 not found
2024-03-26 20:45:45,678 [ERROR] Failed to connect to database: Connection timeout after 30 seconds
2024-03-26 22:00:56,789 [ERROR] Media file upload failed: File size exceeds 10MB limit 