2024-03-16 08:00:12,345 [ERROR] Failed to load content: Content ID 12345 not found
2024-03-16 08:15:23,456 [ERROR] Failed to load content: Content ID 12345 not found
2024-03-16 08:30:34,567 [ERROR] Failed to load content: Content ID 12345 not found
2024-03-16 09:00:45,678 [ERROR] Media file upload failed: File size exceeds 10MB limit
2024-03-16 09:15:56,789 [ERROR] Media file upload failed: File size exceeds 10MB limit
2024-03-16 10:00:12,345 [ERROR] Failed to publish content: Validation error - Required field 'Title' is empty
2024-03-16 10:15:23,456 [ERROR] Failed to publish content: Validation error - Required field 'Title' is empty
2024-03-16 10:30:34,567 [ERROR] Failed to publish content: Validation error - Required field 'Title' is empty
2024-03-16 11:00:45,678 [ERROR] Cache invalidation failed: Unable to clear cache for content ID 67890
2024-03-16 11:15:56,789 [ERROR] Cache invalidation failed: Unable to clear cache for content ID 67890
2024-03-16 12:00:12,345 [ERROR] Failed to generate preview: Template rendering error
2024-03-16 12:15:23,456 [ERROR] Failed to generate preview: Template rendering error
2024-03-16 13:00:34,567 [ERROR] Failed to connect to search service: Elasticsearch connection timeout
2024-03-16 13:15:45,678 [ERROR] Failed to connect to search service: Elasticsearch connection timeout
2024-03-16 13:30:56,789 [ERROR] Failed to connect to search service: Elasticsearch connection timeout
2024-03-16 14:00:12,345 [ERROR] Failed to update content: Concurrent modification detected
2024-03-16 14:15:23,456 [ERROR] Failed to update content: Concurrent modification detected
2024-03-16 15:00:34,567 [ERROR] Failed to load media: File not found in storage
2024-03-16 15:15:45,678 [ERROR] Failed to load media: File not found in storage
2024-03-16 16:00:56,789 [ERROR] Failed to load media: File not found in storage
2024-03-16 16:15:12,345 [ERROR] Failed to schedule content: Invalid publish date
2024-03-16 16:30:23,456 [ERROR] Failed to schedule content: Invalid publish date
2024-03-16 17:00:34,567 [ERROR] Failed to schedule content: Invalid publish date
2024-03-16 17:15:45,678 [ERROR] Failed to load content: Content ID 12345 not found
2024-03-16 17:30:56,789 [ERROR] Failed to load content: Content ID 12345 not found
2024-03-16 18:00:12,345 [ERROR] Media file upload failed: File size exceeds 10MB limit
2024-03-16 18:15:23,456 [ERROR] Media file upload failed: File size exceeds 10MB limit
2024-03-16 19:00:34,567 [ERROR] Failed to publish content: Validation error - Required field 'Title' is empty
2024-03-16 19:15:45,678 [ERROR] Failed to publish content: Validation error - Required field 'Title' is empty
2024-03-16 20:00:56,789 [ERROR] Cache invalidation failed: Unable to clear cache for content ID 67890
2024-03-16 20:15:12,345 [ERROR] Cache invalidation failed: Unable to clear cache for content ID 67890
2024-03-16 21:00:23,456 [ERROR] Failed to generate preview: Template rendering error
2024-03-16 21:15:34,567 [ERROR] Failed to generate preview: Template rendering error
2024-03-16 22:00:45,678 [ERROR] Failed to connect to search service: Elasticsearch connection timeout
2024-03-16 22:15:56,789 [ERROR] Failed to connect to search service: Elasticsearch connection timeout
2024-03-16 23:00:12,345 [ERROR] Failed to update content: Concurrent modification detected
2024-03-16 23:15:23,456 [ERROR] Failed to update content: Concurrent modification detected 